<?xml version="1.0" encoding="UTF-8"?>
<!-- Generated by org.testng.reporters.JUnitXMLReporter -->
<testsuite hostname="FULL380-PRT.FULL.Creative" ignored="2" name="HippoVideo Automation" tests="1" failures="0" timestamp="2020-03-06T12:49:31 IST" time="9.472" errors="0">
  <testcase name="helper" time="8.685" classname="com.HippoVideo.Test.MainClass"/>
  <testcase name="@AfterTest tearDown" time="0.0" classname="com.HippoVideo.Test.BaseClass">
    <ignored/>
  </testcase> <!-- @AfterTest tearDown -->
  <testcase name="@BeforeTest reportGeneration" time="0.0" classname="com.HippoVideo.Test.BaseClass">
    <ignored/>
  </testcase> <!-- @BeforeTest reportGeneration -->
</testsuite> <!-- HippoVideo Automation -->
