<?xml version="1.0" encoding="UTF-8"?>
<testng-results skipped="0" failed="0" ignored="2" total="3" passed="1">
  <reporter-output>
  </reporter-output>
  <suite name="Suite" duration-ms="9472" started-at="2020-03-06T12:49:21 IST" finished-at="2020-03-06T12:49:31 IST">
    <groups>
    </groups>
    <test name="HippoVideo Automation" duration-ms="9472" started-at="2020-03-06T12:49:21 IST" finished-at="2020-03-06T12:49:31 IST">
      <class name="com.HippoVideo.Test.BaseClass">
        <test-method status="PASS" signature="reportGeneration()[pri:0, instance:com.HippoVideo.Test.BaseClass@39c0f4a]" name="reportGeneration" is-config="true" duration-ms="134" started-at="2020-03-06T12:49:21 IST" finished-at="2020-03-06T12:49:21 IST">
          <reporter-output>
          </reporter-output>
        </test-method> <!-- reportGeneration -->
        <test-method status="PASS" signature="tearDown()[pri:0, instance:com.HippoVideo.Test.BaseClass@39c0f4a]" name="tearDown" is-config="true" duration-ms="96" started-at="2020-03-06T12:49:30 IST" finished-at="2020-03-06T12:49:31 IST">
          <reporter-output>
          </reporter-output>
        </test-method> <!-- tearDown -->
      </class> <!-- com.HippoVideo.Test.BaseClass -->
      <class name="com.HippoVideo.Test.MainClass">
        <test-method status="PASS" signature="helper()[pri:0, instance:com.HippoVideo.Test.MainClass@1794d431]" name="helper" duration-ms="8685" started-at="2020-03-06T12:49:21 IST" finished-at="2020-03-06T12:49:30 IST">
          <reporter-output>
          </reporter-output>
        </test-method> <!-- helper -->
        <test-method status="PASS" signature="getResult(org.testng.ITestResult)[pri:0, instance:com.HippoVideo.Test.MainClass@1794d431]" name="getResult" is-config="true" duration-ms="502" started-at="2020-03-06T12:49:30 IST" finished-at="2020-03-06T12:49:30 IST">
          <params>
            <param index="0">
              <value>
                <![CDATA[[TestResult name=helper status=SUCCESS method=MainClass.helper()[pri:0, instance:com.HippoVideo.Test.MainClass@1794d431] output={null}]]]>
              </value>
            </param>
          </params>
          <reporter-output>
          </reporter-output>
        </test-method> <!-- getResult -->
      </class> <!-- com.HippoVideo.Test.MainClass -->
    </test> <!-- HippoVideo Automation -->
  </suite> <!-- Suite -->
</testng-results>
