<?xml version="1.0" encoding="UTF-8"?>
<testng-results skipped="0" failed="0" total="1" passed="1">
  <reporter-output>
  </reporter-output>
  <suite name="Default suite" duration-ms="146234" started-at="2020-03-07T11:45:59Z" finished-at="2020-03-07T11:48:25Z">
    <groups>
    </groups>
    <test name="Default test" duration-ms="146234" started-at="2020-03-07T11:45:59Z" finished-at="2020-03-07T11:48:25Z">
      <class name="com.HippoVideo.Test.HippoVideoRecorder">
        <test-method status="PASS" signature="reportGeneration()[pri:0, instance:com.HippoVideo.Test.HippoVideoRecorder@511baa65]" name="reportGeneration" is-config="true" duration-ms="423" started-at="2020-03-07T17:15:59Z" finished-at="2020-03-07T17:16:00Z">
          <reporter-output>
          </reporter-output>
        </test-method> <!-- reportGeneration -->
        <test-method status="PASS" signature="helper()[pri:0, instance:com.HippoVideo.Test.HippoVideoRecorder@511baa65]" name="helper" duration-ms="145089" started-at="2020-03-07T17:16:00Z" finished-at="2020-03-07T17:18:25Z">
          <reporter-output>
          </reporter-output>
        </test-method> <!-- helper -->
        <test-method status="PASS" signature="getResult(org.testng.ITestResult)[pri:0, instance:com.HippoVideo.Test.HippoVideoRecorder@511baa65]" name="getResult" is-config="true" duration-ms="701" started-at="2020-03-07T17:18:25Z" finished-at="2020-03-07T17:18:25Z">
          <params>
            <param index="0">
              <value>
                <![CDATA[[TestResult name=helper status=SUCCESS method=HippoVideoRecorder.helper()[pri:0, instance:com.HippoVideo.Test.HippoVideoRecorder@511baa65] output={null}]]]>
              </value>
            </param>
          </params>
          <reporter-output>
          </reporter-output>
        </test-method> <!-- getResult -->
      </class> <!-- com.HippoVideo.Test.HippoVideoRecorder -->
    </test> <!-- Default test -->
  </suite> <!-- Default suite -->
</testng-results>
